<?xml version="1.0" encoding="UTF-8"?>
<!-- Generated by org.testng.reporters.JUnitReportReporter -->
<testsuite skipped="0" hostname="KUKUMKUM-LAP" name="Annotation1" tests="1" failures="0" timestamp="25 Jul 2019 16:57:26 GMT" time="0.003" errors="0">
  <testcase name="f" time="0.003" classname="Annotation1"/>
</testsuite> <!-- Annotation1 -->
